# JRE version: OpenJDK Runtime Environment GraalVM CE 22.3.0 (17.0.5+8) (build 17.0.5+8-jvmci-22.3-b08)
# Java VM: OpenJDK 64-Bit Server VM GraalVM CE 22.3.0 (17.0.5+8-jvmci-22.3-b08, mixed mode, sharing, tiered, jvmci, jvmci compiler, compressed oops, compressed class ptrs, parallel gc, linux-amd64)
GC Precious Log:
 CPUs: 8 total, 1 available
 Memory: 1024M
 Large Page Support: Disabled
 NUMA Support: Disabled
 Compressed Oops: Enabled (32-bit)
 Alignments: Space 512K, Generation 512K, Heap 2M
 Heap Min Capacity: 100M
 Heap Initial Capacity: 100M
 Heap Max Capacity: 512M
 Pre-touch: Disabled
 Parallel Workers: 1
Heap:
 PSYoungGen      total 51200K, used 33791K [0x00000000f5580000, 0x00000000f9a80000, 0x0000000100000000)
  eden space 33792K, 99% used [0x00000000f5580000,0x00000000f767fff8,0x00000000f7680000)
  from space 17408K, 0% used [0x00000000f8800000,0x00000000f8800000,0x00000000f9900000)
  to   space 17920K, 0% used [0x00000000f7680000,0x00000000f7680000,0x00000000f8800000)
 ParOldGen       total 349696K, used 349695K [0x00000000e0000000, 0x00000000f5580000, 0x00000000f5580000)
  object space 349696K, 99% used [0x00000000e0000000,0x00000000f557fe80,0x00000000f5580000)
 Metaspace       used 52402K, committed 53248K, reserved 1097728K
  class space    used 5296K, committed 5696K, reserved 1048576K
GC Heap History (20 events):
Event: 763.643 GC heap before
{Heap before GC invocations=405 (full 298):
 PSYoungGen      total 51200K, used 33791K [0x00000000f5580000, 0x00000000f9a80000, 0x0000000100000000)
  eden space 33792K, 99% used [0x00000000f5580000,0x00000000f767fff0,0x00000000f7680000)
  from space 17408K, 0% used [0x00000000f8800000,0x00000000f8800000,0x00000000f9900000)
  to   space 17920K, 0% used [0x00000000f7680000,0x00000000f7680000,0x00000000f8800000)
 ParOldGen       total 349696K, used 349694K [0x00000000e0000000, 0x00000000f5580000, 0x00000000f5580000)
  object space 349696K, 99% used [0x00000000e0000000,0x00000000f557f950,0x00000000f5580000)
 Metaspace       used 52402K, committed 53248K, reserved 1097728K
  class space    used 5296K, committed 5696K, reserved 1048576K
}
Event: 765.610 GC heap after
{Heap after GC invocations=405 (full 298):
 PSYoungGen      total 51712K, used 33791K [0x00000000f5580000, 0x00000000f9a80000, 0x0000000100000000)
  eden space 33792K, 99% used [0x00000000f5580000,0x00000000f767fff0,0x00000000f7680000)
  from space 17920K, 0% used [0x00000000f7680000,0x00000000f7680000,0x00000000f8800000)
  to   space 17408K, 0% used [0x00000000f8800000,0x00000000f8800000,0x00000000f9900000)
 ParOldGen       total 349696K, used 349694K [0x00000000e0000000, 0x00000000f5580000, 0x00000000f5580000)
  object space 349696K, 99% used [0x00000000e0000000,0x00000000f557f930,0x00000000f5580000)
 Metaspace       used 52402K, committed 53248K, reserved 1097728K
  class space    used 5296K, committed 5696K, reserved 1048576K
}
Event: 765.612 GC heap before
{Heap before GC invocations=406 (full 299):
 PSYoungGen      total 51712K, used 33791K [0x00000000f5580000, 0x00000000f9a80000, 0x0000000100000000)
  eden space 33792K, 99% used [0x00000000f5580000,0x00000000f767fff0,0x00000000f7680000)
  from space 17920K, 0% used [0x00000000f7680000,0x00000000f7680000,0x00000000f8800000)
  to   space 17408K, 0% used [0x00000000f8800000,0x00000000f8800000,0x00000000f9900000)
 ParOldGen       total 349696K, used 349695K [0x00000000e0000000, 0x00000000f5580000, 0x00000000f5580000)
  object space 349696K, 99% used [0x00000000e0000000,0x00000000f557fe00,0x00000000f5580000)
 Metaspace       used 52402K, committed 53248K, reserved 1097728K
  class space    used 5296K, committed 5696K, reserved 1048576K
}
Event: 767.701 GC heap after
{Heap after GC invocations=406 (full 299):
 PSYoungGen      total 51200K, used 33791K [0x00000000f5580000, 0x00000000f9a80000, 0x0000000100000000)
  eden space 33792K, 99% used [0x00000000f5580000,0x00000000f767ff98,0x00000000f7680000)
  from space 17408K, 0% used [0x00000000f8800000,0x00000000f8800000,0x00000000f9900000)
  to   space 17920K, 0% used [0x00000000f7680000,0x00000000f7680000,0x00000000f8800000)
 ParOldGen       total 349696K, used 349695K [0x00000000e0000000, 0x00000000f5580000, 0x00000000f5580000)
  object space 349696K, 99% used [0x00000000e0000000,0x00000000f557fca0,0x00000000f5580000)
 Metaspace       used 52402K, committed 53248K, reserved 1097728K
  class space    used 5296K, committed 5696K, reserved 1048576K
}
Event: 767.701 GC heap before
{Heap before GC invocations=407 (full 300):
 PSYoungGen      total 51200K, used 33791K [0x00000000f5580000, 0x00000000f9a80000, 0x0000000100000000)
  eden space 33792K, 99% used [0x00000000f5580000,0x00000000f767ff98,0x00000000f7680000)
  from space 17408K, 0% used [0x00000000f8800000,0x00000000f8800000,0x00000000f9900000)
  to   space 17920K, 0% used [0x00000000f7680000,0x00000000f7680000,0x00000000f8800000)
 ParOldGen       total 349696K, used 349695K [0x00000000e0000000, 0x00000000f5580000, 0x00000000f5580000)
  object space 349696K, 99% used [0x00000000e0000000,0x00000000f557fca0,0x00000000f5580000)
 Metaspace       used 52402K, committed 53248K, reserved 1097728K
  class space    used 5296K, committed 5696K, reserved 1048576K
}
Event: 769.911 GC heap after
{Heap after GC invocations=407 (full 300):
 PSYoungGen      total 51712K, used 33791K [0x00000000f5580000, 0x00000000f9a80000, 0x0000000100000000)
  eden space 33792K, 99% used [0x00000000f5580000,0x00000000f767ff98,0x00000000f7680000)
  from space 17920K, 0% used [0x00000000f7680000,0x00000000f7680000,0x00000000f8800000)
  to   space 17408K, 0% used [0x00000000f8800000,0x00000000f8800000,0x00000000f9900000)
 ParOldGen       total 349696K, used 349695K [0x00000000e0000000, 0x00000000f5580000, 0x00000000f5580000)
  object space 349696K, 99% used [0x00000000e0000000,0x00000000f557fca0,0x00000000f5580000)
 Metaspace       used 52402K, committed 53248K, reserved 1097728K
  class space    used 5296K, committed 5696K, reserved 1048576K
}
Event: 769.911 GC heap before
{Heap before GC invocations=408 (full 301):
 PSYoungGen      total 51712K, used 33792K [0x00000000f5580000, 0x00000000f9a80000, 0x0000000100000000)
  eden space 33792K, 100% used [0x00000000f5580000,0x00000000f7680000,0x00000000f7680000)
  from space 17920K, 0% used [0x00000000f7680000,0x00000000f7680000,0x00000000f8800000)
  to   space 17408K, 0% used [0x00000000f8800000,0x00000000f8800000,0x00000000f9900000)
 ParOldGen       total 349696K, used 349695K [0x00000000e0000000, 0x00000000f5580000, 0x00000000f5580000)
  object space 349696K, 99% used [0x00000000e0000000,0x00000000f557fff8,0x00000000f5580000)
 Metaspace       used 52402K, committed 53248K, reserved 1097728K
  class space    used 5296K, committed 5696K, reserved 1048576K
}
Event: 772.196 GC heap after
{Heap after GC invocations=408 (full 301):
 PSYoungGen      total 51200K, used 33791K [0x00000000f5580000, 0x00000000f9a80000, 0x0000000100000000)
  eden space 33792K, 99% used [0x00000000f5580000,0x00000000f767ffd8,0x00000000f7680000)
  from space 17408K, 0% used [0x00000000f8800000,0x00000000f8800000,0x00000000f9900000)
  to   space 17920K, 0% used [0x00000000f7680000,0x00000000f7680000,0x00000000f8800000)
 ParOldGen       total 349696K, used 349695K [0x00000000e0000000, 0x00000000f5580000, 0x00000000f5580000)
  object space 349696K, 99% used [0x00000000e0000000,0x00000000f557fc50,0x00000000f5580000)
 Metaspace       used 52402K, committed 53248K, reserved 1097728K
  class space    used 5296K, committed 5696K, reserved 1048576K
}
Event: 772.197 GC heap before
{Heap before GC invocations=409 (full 302):
 PSYoungGen      total 51200K, used 33791K [0x00000000f5580000, 0x00000000f9a80000, 0x0000000100000000)
  eden space 33792K, 99% used [0x00000000f5580000,0x00000000f767fff8,0x00000000f7680000)
  from space 17408K, 0% used [0x00000000f8800000,0x00000000f8800000,0x00000000f9900000)
  to   space 17920K, 0% used [0x00000000f7680000,0x00000000f7680000,0x00000000f8800000)
 ParOldGen       total 349696K, used 349695K [0x00000000e0000000, 0x00000000f5580000, 0x00000000f5580000)
  object space 349696K, 99% used [0x00000000e0000000,0x00000000f557fc50,0x00000000f5580000)
 Metaspace       used 52402K, committed 53248K, reserved 1097728K
  class space    used 5296K, committed 5696K, reserved 1048576K
}
Event: 774.312 GC heap after
{Heap after GC invocations=409 (full 302):
 PSYoungGen      total 51712K, used 33791K [0x00000000f5580000, 0x00000000f9a80000, 0x0000000100000000)
  eden space 33792K, 99% used [0x00000000f5580000,0x00000000f767fff8,0x00000000f7680000)
  from space 17920K, 0% used [0x00000000f7680000,0x00000000f7680000,0x00000000f8800000)
  to   space 17408K, 0% used [0x00000000f8800000,0x00000000f8800000,0x00000000f9900000)
 ParOldGen       total 349696K, used 349694K [0x00000000e0000000, 0x00000000f5580000, 0x00000000f5580000)
  object space 349696K, 99% used [0x00000000e0000000,0x00000000f557fbe0,0x00000000f5580000)
 Metaspace       used 52402K, committed 53248K, reserved 1097728K
  class space    used 5296K, committed 5696K, reserved 1048576K
}
Event: 774.314 GC heap before
{Heap before GC invocations=410 (full 303):
 PSYoungGen      total 51712K, used 33791K [0x00000000f5580000, 0x00000000f9a80000, 0x0000000100000000)
  eden space 33792K, 99% used [0x00000000f5580000,0x00000000f767fff8,0x00000000f7680000)
  from space 17920K, 0% used [0x00000000f7680000,0x00000000f7680000,0x00000000f8800000)
  to   space 17408K, 0% used [0x00000000f8800000,0x00000000f8800000,0x00000000f9900000)
 ParOldGen       total 349696K, used 349695K [0x00000000e0000000, 0x00000000f5580000, 0x00000000f5580000)
  object space 349696K, 99% used [0x00000000e0000000,0x00000000f557ffe0,0x00000000f5580000)
 Metaspace       used 52402K, committed 53248K, reserved 1097728K
  class space    used 5296K, committed 5696K, reserved 1048576K
}
Event: 776.516 GC heap after
{Heap after GC invocations=410 (full 303):
 PSYoungGen      total 51200K, used 33791K [0x00000000f5580000, 0x00000000f9a80000, 0x0000000100000000)
  eden space 33792K, 99% used [0x00000000f5580000,0x00000000f767ffd8,0x00000000f7680000)
  from space 17408K, 0% used [0x00000000f8800000,0x00000000f8800000,0x00000000f9900000)
  to   space 17920K, 0% used [0x00000000f7680000,0x00000000f7680000,0x00000000f8800000)
 ParOldGen       total 349696K, used 349694K [0x00000000e0000000, 0x00000000f5580000, 0x00000000f5580000)
  object space 349696K, 99% used [0x00000000e0000000,0x00000000f557fa70,0x00000000f5580000)
 Metaspace       used 52402K, committed 53248K, reserved 1097728K
  class space    used 5296K, committed 5696K, reserved 1048576K
}
Event: 776.519 GC heap before
{Heap before GC invocations=411 (full 304):
 PSYoungGen      total 51200K, used 33792K [0x00000000f5580000, 0x00000000f9a80000, 0x0000000100000000)
  eden space 33792K, 100% used [0x00000000f5580000,0x00000000f7680000,0x00000000f7680000)
  from space 17408K, 0% used [0x00000000f8800000,0x00000000f8800000,0x00000000f9900000)
  to   space 17920K, 0% used [0x00000000f7680000,0x00000000f7680000,0x00000000f8800000)
 ParOldGen       total 349696K, used 349695K [0x00000000e0000000, 0x00000000f5580000, 0x00000000f5580000)
  object space 349696K, 99% used [0x00000000e0000000,0x00000000f557fc28,0x00000000f5580000)
 Metaspace       used 52402K, committed 53248K, reserved 1097728K
  class space    used 5296K, committed 5696K, reserved 1048576K
}
Event: 778.894 GC heap after
{Heap after GC invocations=411 (full 304):
 PSYoungGen      total 51712K, used 33791K [0x00000000f5580000, 0x00000000f9a80000, 0x0000000100000000)
  eden space 33792K, 99% used [0x00000000f5580000,0x00000000f767ff98,0x00000000f7680000)
  from space 17920K, 0% used [0x00000000f7680000,0x00000000f7680000,0x00000000f8800000)
  to   space 17408K, 0% used [0x00000000f8800000,0x00000000f8800000,0x00000000f9900000)
 ParOldGen       total 349696K, used 349694K [0x00000000e0000000, 0x00000000f5580000, 0x00000000f5580000)
  object space 349696K, 99% used [0x00000000e0000000,0x00000000f557f9d8,0x00000000f5580000)
 Metaspace       used 52402K, committed 53248K, reserved 1097728K
  class space    used 5296K, committed 5696K, reserved 1048576K
}
Event: 778.894 GC heap before
{Heap before GC invocations=412 (full 305):
 PSYoungGen      total 51712K, used 33791K [0x00000000f5580000, 0x00000000f9a80000, 0x0000000100000000)
  eden space 33792K, 99% used [0x00000000f5580000,0x00000000f767ff98,0x00000000f7680000)
  from space 17920K, 0% used [0x00000000f7680000,0x00000000f7680000,0x00000000f8800000)
  to   space 17408K, 0% used [0x00000000f8800000,0x00000000f8800000,0x00000000f9900000)
 ParOldGen       total 349696K, used 349694K [0x00000000e0000000, 0x00000000f5580000, 0x00000000f5580000)
  object space 349696K, 99% used [0x00000000e0000000,0x00000000f557f9d8,0x00000000f5580000)
 Metaspace       used 52402K, committed 53248K, reserved 1097728K
  class space    used 5296K, committed 5696K, reserved 1048576K
}
Event: 780.901 GC heap after
{Heap after GC invocations=412 (full 305):
 PSYoungGen      total 51200K, used 33791K [0x00000000f5580000, 0x00000000f9a80000, 0x0000000100000000)
  eden space 33792K, 99% used [0x00000000f5580000,0x00000000f767ff98,0x00000000f7680000)
  from space 17408K, 0% used [0x00000000f8800000,0x00000000f8800000,0x00000000f9900000)
  to   space 17920K, 0% used [0x00000000f7680000,0x00000000f7680000,0x00000000f8800000)
 ParOldGen       total 349696K, used 349694K [0x00000000e0000000, 0x00000000f5580000, 0x00000000f5580000)
  object space 349696K, 99% used [0x00000000e0000000,0x00000000f557f9d8,0x00000000f5580000)
 Metaspace       used 52402K, committed 53248K, reserved 1097728K
  class space    used 5296K, committed 5696K, reserved 1048576K
}
Event: 780.902 GC heap before
{Heap before GC invocations=413 (full 306):
 PSYoungGen      total 51200K, used 33791K [0x00000000f5580000, 0x00000000f9a80000, 0x0000000100000000)
  eden space 33792K, 99% used [0x00000000f5580000,0x00000000f767ffd8,0x00000000f7680000)
  from space 17408K, 0% used [0x00000000f8800000,0x00000000f8800000,0x00000000f9900000)
  to   space 17920K, 0% used [0x00000000f7680000,0x00000000f7680000,0x00000000f8800000)
 ParOldGen       total 349696K, used 349694K [0x00000000e0000000, 0x00000000f5580000, 0x00000000f5580000)
  object space 349696K, 99% used [0x00000000e0000000,0x00000000f557f9d8,0x00000000f5580000)
 Metaspace       used 52402K, committed 53248K, reserved 1097728K
  class space    used 5296K, committed 5696K, reserved 1048576K
}
Event: 783.118 GC heap after
{Heap after GC invocations=413 (full 306):
 PSYoungGen      total 51712K, used 33791K [0x00000000f5580000, 0x00000000f9a80000, 0x0000000100000000)
  eden space 33792K, 99% used [0x00000000f5580000,0x00000000f767ffd8,0x00000000f7680000)
  from space 17920K, 0% used [0x00000000f7680000,0x00000000f7680000,0x00000000f8800000)
  to   space 17408K, 0% used [0x00000000f8800000,0x00000000f8800000,0x00000000f9900000)
 ParOldGen       total 349696K, used 349694K [0x00000000e0000000, 0x00000000f5580000, 0x00000000f5580000)
  object space 349696K, 99% used [0x00000000e0000000,0x00000000f557f9b8,0x00000000f5580000)
 Metaspace       used 52402K, committed 53248K, reserved 1097728K
  class space    used 5296K, committed 5696K, reserved 1048576K
}
Event: 783.118 GC heap before
{Heap before GC invocations=414 (full 307):
 PSYoungGen      total 51712K, used 33791K [0x00000000f5580000, 0x00000000f9a80000, 0x0000000100000000)
  eden space 33792K, 99% used [0x00000000f5580000,0x00000000f767ffd8,0x00000000f7680000)
  from space 17920K, 0% used [0x00000000f7680000,0x00000000f7680000,0x00000000f8800000)
  to   space 17408K, 0% used [0x00000000f8800000,0x00000000f8800000,0x00000000f9900000)
 ParOldGen       total 349696K, used 349694K [0x00000000e0000000, 0x00000000f5580000, 0x00000000f5580000)
  object space 349696K, 99% used [0x00000000e0000000,0x00000000f557f9b8,0x00000000f5580000)
 Metaspace       used 52402K, committed 53248K, reserved 1097728K
  class space    used 5296K, committed 5696K, reserved 1048576K
}
Event: 785.205 GC heap after
{Heap after GC invocations=414 (full 307):
 PSYoungGen      total 51200K, used 33791K [0x00000000f5580000, 0x00000000f9a80000, 0x0000000100000000)
  eden space 33792K, 99% used [0x00000000f5580000,0x00000000f767ffd8,0x00000000f7680000)
  from space 17408K, 0% used [0x00000000f8800000,0x00000000f8800000,0x00000000f9900000)
  to   space 17920K, 0% used [0x00000000f7680000,0x00000000f7680000,0x00000000f8800000)
 ParOldGen       total 349696K, used 349694K [0x00000000e0000000, 0x00000000f5580000, 0x00000000f5580000)
  object space 349696K, 99% used [0x00000000e0000000,0x00000000f557f9b8,0x00000000f5580000)
 Metaspace       used 52402K, committed 53248K, reserved 1097728K
  class space    used 5296K, committed 5696K, reserved 1048576K
}

